{
  "stats": {
    "suites": 12,
    "tests": 41,
    "passes": 22,
    "pending": 0,
    "failures": 19,
    "start": "2022-05-28T21:52:48.741Z",
    "end": "2022-05-28T21:54:35.727Z",
    "duration": 106986,
    "testsRegistered": 41,
    "passPercent": 53.65853658536586,
    "pendingPercent": 0,
    "other": 0,
    "hasOther": false,
    "skipped": 0,
    "hasSkipped": false
  },
  "results": [
    {
      "uuid": "521756df-2fab-413d-9a4a-f985d04b2bed",
      "title": "",
      "fullFile": "cypress/integration/project.spec.js",
      "file": "cypress/integration/project.spec.js",
      "beforeHooks": [],
      "afterHooks": [],
      "tests": [],
      "suites": [
        {
          "uuid": "71229fb6-0128-4b27-921a-2a3f1bd9933b",
          "title": "1 - Adicione à página o título \"Paleta de Cores\".",
          "fullFile": "",
          "file": "",
          "beforeHooks": [],
          "afterHooks": [],
          "tests": [
            {
              "title": "Verifica se contém um elemento `h1` com o id `title` com o título correto",
              "fullTitle": "1 - Adicione à página o título \"Paleta de Cores\". Verifica se contém um elemento `h1` com o id `title` com o título correto",
              "timedOut": null,
              "duration": 618,
              "state": "passed",
              "speed": "slow",
              "pass": true,
              "fail": false,
              "pending": false,
              "context": null,
              "code": "cy.get('h1#title').should('contain.text', 'Paleta de Cores');",
              "err": {},
              "uuid": "9731cdc8-7cfb-4564-ab3a-5bed9c16efd5",
              "parentUUID": "71229fb6-0128-4b27-921a-2a3f1bd9933b",
              "isHook": false,
              "skipped": false
            }
          ],
          "suites": [],
          "passes": [
            "9731cdc8-7cfb-4564-ab3a-5bed9c16efd5"
          ],
          "failures": [],
          "pending": [],
          "skipped": [],
          "duration": 618,
          "root": false,
          "rootEmpty": false,
          "_timeout": 2000
        },
        {
          "uuid": "ba4536f2-2eff-4713-8fbd-1486c19bf809",
          "title": "2 - Adicione à página uma paleta de quatro cores distintas.",
          "fullFile": "",
          "file": "",
          "beforeHooks": [],
          "afterHooks": [],
          "tests": [
            {
              "title": "A paleta de cores deve ser um elemento com `id` denominado `color-palette` e ter mais de 0px de altura e de largura.",
              "fullTitle": "2 - Adicione à página uma paleta de quatro cores distintas. A paleta de cores deve ser um elemento com `id` denominado `color-palette` e ter mais de 0px de altura e de largura.",
              "timedOut": null,
              "duration": 473,
              "state": "passed",
              "speed": "slow",
              "pass": true,
              "fail": false,
              "pending": false,
              "context": null,
              "code": "cy.get('#color-palette').should('be.visible');\ncy.get('#color-palette').children('.color');",
              "err": {},
              "uuid": "b2b03bd2-e7d4-4788-a710-6406c6c04cee",
              "parentUUID": "ba4536f2-2eff-4713-8fbd-1486c19bf809",
              "isHook": false,
              "skipped": false
            },
            {
              "title": "Verifica se cada cor individual da paleta de cores possui a `classe` chamada `color`.",
              "fullTitle": "2 - Adicione à página uma paleta de quatro cores distintas. Verifica se cada cor individual da paleta de cores possui a `classe` chamada `color`.",
              "timedOut": null,
              "duration": 545,
              "state": "passed",
              "speed": "slow",
              "pass": true,
              "fail": false,
              "pending": false,
              "context": null,
              "code": "cy.get('.color').should('have.length', 4).then(function (colors) {\n  for (var i = 0; i < colors.length; i++) {\n    cy.wrap(colors[i]).should('be.visible');\n  }\n});",
              "err": {},
              "uuid": "00a6b57d-9478-433d-8615-dcd76aa51bb9",
              "parentUUID": "ba4536f2-2eff-4713-8fbd-1486c19bf809",
              "isHook": false,
              "skipped": false
            },
            {
              "title": "Verifica se a cor de fundo de cada elemento da paleta é a cor que o elemento representa. **A única cor não permitida na paleta é a cor branca.**",
              "fullTitle": "2 - Adicione à página uma paleta de quatro cores distintas. Verifica se a cor de fundo de cada elemento da paleta é a cor que o elemento representa. **A única cor não permitida na paleta é a cor branca.**",
              "timedOut": null,
              "duration": 302,
              "state": "passed",
              "speed": "slow",
              "pass": true,
              "fail": false,
              "pending": false,
              "context": null,
              "code": "cy.get('.color').each(function (color) {\n  cy.wrap(color).should('have.class', 'color').and('not.have.css', 'background-color', WHITE);\n  cy.wrap(color).should('have.css', 'background-color');\n});",
              "err": {},
              "uuid": "c7393cc8-0e15-45bd-8d49-f273aa758493",
              "parentUUID": "ba4536f2-2eff-4713-8fbd-1486c19bf809",
              "isHook": false,
              "skipped": false
            },
            {
              "title": "Verifica se cada elemento da paleta de cores tem uma borda preta, sólida e com 1 pixel de largura;",
              "fullTitle": "2 - Adicione à página uma paleta de quatro cores distintas. Verifica se cada elemento da paleta de cores tem uma borda preta, sólida e com 1 pixel de largura;",
              "timedOut": null,
              "duration": 228,
              "state": "passed",
              "speed": "slow",
              "pass": true,
              "fail": false,
              "pending": false,
              "context": null,
              "code": "cy.get('.color').each(function (color) {\n  cy.wrap(color).and('have.css', 'border', \"1px solid \".concat(BLACK)).and('have.class', 'color');\n});",
              "err": {},
              "uuid": "4bb69484-ba12-4abd-8e11-59dedfb93b37",
              "parentUUID": "ba4536f2-2eff-4713-8fbd-1486c19bf809",
              "isHook": false,
              "skipped": false
            },
            {
              "title": "Verifica se a paleta lista todas as cores disponíveis para utilização, lado a lado.",
              "fullTitle": "2 - Adicione à página uma paleta de quatro cores distintas. Verifica se a paleta lista todas as cores disponíveis para utilização, lado a lado.",
              "timedOut": null,
              "duration": 285,
              "state": "passed",
              "speed": "slow",
              "pass": true,
              "fail": false,
              "pending": false,
              "context": null,
              "code": "cy.get('.color').then(function (colors) {\n  for (var index = 1; index < colors.length; index += 1) {\n    var currentColor = colors[index];\n    var previousColor = colors[index - 1];\n    cy.wrap(currentColor).should('be.onTheRightOf', previousColor).and('be.horizontallyAlignedWith', previousColor);\n  }\n});",
              "err": {},
              "uuid": "a6a72fc4-5246-4b12-919b-f82555e3f9de",
              "parentUUID": "ba4536f2-2eff-4713-8fbd-1486c19bf809",
              "isHook": false,
              "skipped": false
            },
            {
              "title": "Verifica se a paleta de cores está posicionada abaixo do título 'Paleta de Cores'",
              "fullTitle": "2 - Adicione à página uma paleta de quatro cores distintas. Verifica se a paleta de cores está posicionada abaixo do título 'Paleta de Cores'",
              "timedOut": null,
              "duration": 250,
              "state": "passed",
              "speed": "slow",
              "pass": true,
              "fail": false,
              "pending": false,
              "context": null,
              "code": "cy.get('h1#title').then(function (title) {\n  cy.get('#color-palette').should('be.belowOf', title);\n});",
              "err": {},
              "uuid": "652cffff-ece9-44c7-b3ba-6751e8845fca",
              "parentUUID": "ba4536f2-2eff-4713-8fbd-1486c19bf809",
              "isHook": false,
              "skipped": false
            },
            {
              "title": "Verifica se a paleta de cores não contém cores repetidas.",
              "fullTitle": "2 - Adicione à página uma paleta de quatro cores distintas. Verifica se a paleta de cores não contém cores repetidas.",
              "timedOut": null,
              "duration": 220,
              "state": "passed",
              "speed": "slow",
              "pass": true,
              "fail": false,
              "pending": false,
              "context": null,
              "code": "cy.get('.color').then(function (colors) {\n  var allColors = Array.from(colors).map(function (color) {\n    return Cypress.$(color).css('background-color');\n  });\n  cy.log(allColors);\n  var uniqColors = (0, _toConsumableArray2[\"default\"])(new Set(allColors));\n  cy.log(uniqColors);\n  expect(allColors.length).to.eq(uniqColors.length);\n});",
              "err": {},
              "uuid": "0fa25a7e-a230-4e80-9a9f-25c0039dd106",
              "parentUUID": "ba4536f2-2eff-4713-8fbd-1486c19bf809",
              "isHook": false,
              "skipped": false
            }
          ],
          "suites": [],
          "passes": [
            "b2b03bd2-e7d4-4788-a710-6406c6c04cee",
            "00a6b57d-9478-433d-8615-dcd76aa51bb9",
            "c7393cc8-0e15-45bd-8d49-f273aa758493",
            "4bb69484-ba12-4abd-8e11-59dedfb93b37",
            "a6a72fc4-5246-4b12-919b-f82555e3f9de",
            "652cffff-ece9-44c7-b3ba-6751e8845fca",
            "0fa25a7e-a230-4e80-9a9f-25c0039dd106"
          ],
          "failures": [],
          "pending": [],
          "skipped": [],
          "duration": 2303,
          "root": false,
          "rootEmpty": false,
          "_timeout": 2000
        },
        {
          "uuid": "fb1ea665-729d-4b09-844f-0d2d38cca79b",
          "title": "3 - Adicione a cor **preta** como a primeira cor da paleta de cores.",
          "fullFile": "",
          "file": "",
          "beforeHooks": [],
          "afterHooks": [],
          "tests": [
            {
              "title": "Verifica se a primeira cor da paleta é preta",
              "fullTitle": "3 - Adicione a cor **preta** como a primeira cor da paleta de cores. Verifica se a primeira cor da paleta é preta",
              "timedOut": null,
              "duration": 233,
              "state": "passed",
              "speed": "slow",
              "pass": true,
              "fail": false,
              "pending": false,
              "context": null,
              "code": "cy.get('.color').first().should('have.css', 'background-color', BLACK);",
              "err": {},
              "uuid": "ae91e78d-f7e8-4fc8-9d9e-e8b3e2d58b36",
              "parentUUID": "fb1ea665-729d-4b09-844f-0d2d38cca79b",
              "isHook": false,
              "skipped": false
            },
            {
              "title": "Verifica se as demais cores podem ser escolhidas livremente.",
              "fullTitle": "3 - Adicione a cor **preta** como a primeira cor da paleta de cores. Verifica se as demais cores podem ser escolhidas livremente.",
              "timedOut": null,
              "duration": 507,
              "state": "passed",
              "speed": "slow",
              "pass": true,
              "fail": false,
              "pending": false,
              "context": null,
              "code": "cy.get('.color').eq(1).should('not.have.css', 'background-color', BLACK);\ncy.get('.color').eq(1).should('not.have.css', 'background-color', WHITE);\ncy.get('.color').eq(1).should('not.have.css', 'background-color', 'rgba(0, 0, 0, 0)');\ncy.get('.color').eq(1).should('have.css', 'background-color');\ncy.get('.color').eq(2).should('not.have.css', 'background-color', BLACK);\ncy.get('.color').eq(2).should('not.have.css', 'background-color', WHITE);\ncy.get('.color').eq(2).should('not.have.css', 'background-color', 'rgba(0, 0, 0, 0)');\ncy.get('.color').eq(2).should('have.css', 'background-color');\ncy.get('.color').eq(3).should('not.have.css', 'background-color', BLACK);\ncy.get('.color').eq(3).should('not.have.css', 'background-color', WHITE);\ncy.get('.color').eq(3).should('not.have.css', 'background-color', 'rgba(0, 0, 0, 0)');\ncy.get('.color').eq(3).should('have.css', 'background-color');",
              "err": {},
              "uuid": "ead3ea57-a9ec-492a-b8f7-2ea8bf84acd0",
              "parentUUID": "fb1ea665-729d-4b09-844f-0d2d38cca79b",
              "isHook": false,
              "skipped": false
            }
          ],
          "suites": [],
          "passes": [
            "ae91e78d-f7e8-4fc8-9d9e-e8b3e2d58b36",
            "ead3ea57-a9ec-492a-b8f7-2ea8bf84acd0"
          ],
          "failures": [],
          "pending": [],
          "skipped": [],
          "duration": 740,
          "root": false,
          "rootEmpty": false,
          "_timeout": 2000
        },
        {
          "uuid": "bf120a93-1e88-436b-b85d-d68e0c5153bc",
          "title": "4 - Adicione à página um quadro de pixels, com 25 pixels.",
          "fullFile": "",
          "file": "",
          "beforeHooks": [],
          "afterHooks": [],
          "tests": [
            {
              "title": "Verifica se o quadro de pixels possui o `id` denominado `pixel-board`",
              "fullTitle": "4 - Adicione à página um quadro de pixels, com 25 pixels. Verifica se o quadro de pixels possui o `id` denominado `pixel-board`",
              "timedOut": null,
              "duration": 315,
              "state": "passed",
              "speed": "slow",
              "pass": true,
              "fail": false,
              "pending": false,
              "context": null,
              "code": "cy.get('#pixel-board').should('be.visible');",
              "err": {},
              "uuid": "41cf4e3c-3359-47a4-8076-1e19221e8cd1",
              "parentUUID": "bf120a93-1e88-436b-b85d-d68e0c5153bc",
              "isHook": false,
              "skipped": false
            },
            {
              "title": "Verifica se cada pixel individual dentro do quadro possui a `classe` denominada `pixel`.",
              "fullTitle": "4 - Adicione à página um quadro de pixels, com 25 pixels. Verifica se cada pixel individual dentro do quadro possui a `classe` denominada `pixel`.",
              "timedOut": null,
              "duration": 296,
              "state": "passed",
              "speed": "slow",
              "pass": true,
              "fail": false,
              "pending": false,
              "context": null,
              "code": "cy.get('.pixel').should('have.length', 25);",
              "err": {},
              "uuid": "e9d6ae92-534c-4e12-bb20-7353ee31cca9",
              "parentUUID": "bf120a93-1e88-436b-b85d-d68e0c5153bc",
              "isHook": false,
              "skipped": false
            },
            {
              "title": "Verifica se a cor inicial dos pixels dentro do quadro, ao abrir a página, é branca.",
              "fullTitle": "4 - Adicione à página um quadro de pixels, com 25 pixels. Verifica se a cor inicial dos pixels dentro do quadro, ao abrir a página, é branca.",
              "timedOut": null,
              "duration": 427,
              "state": "passed",
              "speed": "slow",
              "pass": true,
              "fail": false,
              "pending": false,
              "context": null,
              "code": "cy.get('.pixel').should('have.length', 25).each(function (pixel) {\n  expect(pixel).to.have.css('background-color', WHITE);\n});",
              "err": {},
              "uuid": "1c0ec014-2107-4981-ba3d-5668c7413b4f",
              "parentUUID": "bf120a93-1e88-436b-b85d-d68e0c5153bc",
              "isHook": false,
              "skipped": false
            },
            {
              "title": "Verifica se o quadro de pixels aparece abaixo da paleta de cores",
              "fullTitle": "4 - Adicione à página um quadro de pixels, com 25 pixels. Verifica se o quadro de pixels aparece abaixo da paleta de cores",
              "timedOut": null,
              "duration": 330,
              "state": "passed",
              "speed": "slow",
              "pass": true,
              "fail": false,
              "pending": false,
              "context": null,
              "code": "cy.get('#color-palette').then(function (palette) {\n  cy.get('#pixel-board').should('be.belowOf', palette);\n});",
              "err": {},
              "uuid": "bb0453b3-3474-4354-a7c8-8fba6b957360",
              "parentUUID": "bf120a93-1e88-436b-b85d-d68e0c5153bc",
              "isHook": false,
              "skipped": false
            }
          ],
          "suites": [],
          "passes": [
            "41cf4e3c-3359-47a4-8076-1e19221e8cd1",
            "e9d6ae92-534c-4e12-bb20-7353ee31cca9",
            "1c0ec014-2107-4981-ba3d-5668c7413b4f",
            "bb0453b3-3474-4354-a7c8-8fba6b957360"
          ],
          "failures": [],
          "pending": [],
          "skipped": [],
          "duration": 1368,
          "root": false,
          "rootEmpty": false,
          "_timeout": 2000
        },
        {
          "uuid": "9ff1c660-7296-49a2-8866-b3266594ebc2",
          "title": "5 - Faça com que cada elemento do quadro de pixels possua 40 pixels de largura, 40 pixels de altura e seja delimitado por uma borda preta de 1 pixel.",
          "fullFile": "",
          "file": "",
          "beforeHooks": [],
          "afterHooks": [],
          "tests": [
            {
              "title": "Verifica se o quadro de pixels tem altura e comprimento de 5 elementos",
              "fullTitle": "5 - Faça com que cada elemento do quadro de pixels possua 40 pixels de largura, 40 pixels de altura e seja delimitado por uma borda preta de 1 pixel. Verifica se o quadro de pixels tem altura e comprimento de 5 elementos",
              "timedOut": null,
              "duration": 833,
              "state": "passed",
              "speed": "slow",
              "pass": true,
              "fail": false,
              "pending": false,
              "context": null,
              "code": "cy.get('.pixel').should('have.length', 25).each(function (pixel) {\n  expect(pixel).to.have.css('background-color', WHITE);\n}).and(function (pixels) {\n  var rows = chunk(pixels, 5);\n  rows.forEach(function (row) {\n    for (var index = 1; index < row.length; index += 1) {\n      var current = pixels[index];\n      var previous = pixels[index - 1];\n      cy.wrap(current).should('be.onTheRightOf', previous).and('be.horizontallyAlignedWith', previous);\n    }\n  });\n  for (var index = 1; index < 5; index += 1) {\n    expect(pixels[index * 5]).to.be.belowOf(pixels[(index - 1) * 5]);\n  }\n});",
              "err": {},
              "uuid": "fca43233-e00c-48bb-a45d-bb11766855f3",
              "parentUUID": "9ff1c660-7296-49a2-8866-b3266594ebc2",
              "isHook": false,
              "skipped": false
            },
            {
              "title": "Verifica se 40 pixels é o tamanho total do elemento, incluindo seu conteúdo e excluindo a borda preta, que deve ser criada à parte.",
              "fullTitle": "5 - Faça com que cada elemento do quadro de pixels possua 40 pixels de largura, 40 pixels de altura e seja delimitado por uma borda preta de 1 pixel. Verifica se 40 pixels é o tamanho total do elemento, incluindo seu conteúdo e excluindo a borda preta, que deve ser criada à parte.",
              "timedOut": null,
              "duration": 689,
              "state": "passed",
              "speed": "slow",
              "pass": true,
              "fail": false,
              "pending": false,
              "context": null,
              "code": "cy.get('.pixel').each(function (pixel) {\n  cy.wrap(pixel).should('have.css', 'height', '40px').and('have.css', 'width', '40px').and('have.css', 'border', \"1px solid \".concat(BLACK));\n});",
              "err": {},
              "uuid": "c9485142-1703-49d3-bfbc-d915f7e63b22",
              "parentUUID": "9ff1c660-7296-49a2-8866-b3266594ebc2",
              "isHook": false,
              "skipped": false
            }
          ],
          "suites": [],
          "passes": [
            "fca43233-e00c-48bb-a45d-bb11766855f3",
            "c9485142-1703-49d3-bfbc-d915f7e63b22"
          ],
          "failures": [],
          "pending": [],
          "skipped": [],
          "duration": 1522,
          "root": false,
          "rootEmpty": false,
          "_timeout": 2000
        },
        {
          "uuid": "f11766eb-3799-461d-a451-632c937aa421",
          "title": "6 - Defina a cor preta como cor inicial. Ao carregar a página a cor preta já deve estar selecionada para pintar os pixels",
          "fullFile": "",
          "file": "",
          "beforeHooks": [],
          "afterHooks": [],
          "tests": [
            {
              "title": "Verifica se o elemento da cor preta possui, inicialmente, a `classe` `selected`",
              "fullTitle": "6 - Defina a cor preta como cor inicial. Ao carregar a página a cor preta já deve estar selecionada para pintar os pixels Verifica se o elemento da cor preta possui, inicialmente, a `classe` `selected`",
              "timedOut": null,
              "duration": 223,
              "state": "passed",
              "speed": "slow",
              "pass": true,
              "fail": false,
              "pending": false,
              "context": null,
              "code": "cy.get('.selected').first().should('have.css', 'background-color', BLACK);",
              "err": {},
              "uuid": "9cc152b1-40af-48ce-b78e-9a0ef263cf89",
              "parentUUID": "f11766eb-3799-461d-a451-632c937aa421",
              "isHook": false,
              "skipped": false
            },
            {
              "title": "Verifica se nenhuma outra cor da paleta tem a `classe` `selected`",
              "fullTitle": "6 - Defina a cor preta como cor inicial. Ao carregar a página a cor preta já deve estar selecionada para pintar os pixels Verifica se nenhuma outra cor da paleta tem a `classe` `selected`",
              "timedOut": null,
              "duration": 356,
              "state": "passed",
              "speed": "slow",
              "pass": true,
              "fail": false,
              "pending": false,
              "context": null,
              "code": "cy.get('.color:not(:first-child)').each(function (color) {\n  cy.wrap(color).should('not.have.class', 'selected');\n});",
              "err": {},
              "uuid": "d6934906-4787-4c8b-9fd8-e3007ab9cbeb",
              "parentUUID": "f11766eb-3799-461d-a451-632c937aa421",
              "isHook": false,
              "skipped": false
            }
          ],
          "suites": [],
          "passes": [
            "9cc152b1-40af-48ce-b78e-9a0ef263cf89",
            "d6934906-4787-4c8b-9fd8-e3007ab9cbeb"
          ],
          "failures": [],
          "pending": [],
          "skipped": [],
          "duration": 579,
          "root": false,
          "rootEmpty": false,
          "_timeout": 2000
        },
        {
          "uuid": "56d01134-02d5-4f0b-8cdb-db9b2ed002a1",
          "title": "7 - Clicar em uma das cores da paleta, faz com que ela seja selecionada e utilizada para preencher os pixels no quadro.",
          "fullFile": "",
          "file": "",
          "beforeHooks": [],
          "afterHooks": [],
          "tests": [
            {
              "title": "Verifica se somente uma cor da paleta de cores tem a classe `selected` de cada vez",
              "fullTitle": "7 - Clicar em uma das cores da paleta, faz com que ela seja selecionada e utilizada para preencher os pixels no quadro. Verifica se somente uma cor da paleta de cores tem a classe `selected` de cada vez",
              "timedOut": null,
              "duration": 698,
              "state": "passed",
              "speed": "slow",
              "pass": true,
              "fail": false,
              "pending": false,
              "context": null,
              "code": "cy.get('.color').each(function (selectedColor, selectedColorIndex) {\n  cy.wrap(selectedColor).click();\n  cy.get('.color').each(function (color, colorIndex) {\n    if (colorIndex === selectedColorIndex) {\n      expect(color).to.have[\"class\"]('selected');\n    } else {\n      expect(color).not.to.have[\"class\"]('selected');\n    }\n  });\n});",
              "err": {},
              "uuid": "86f7006a-b970-44cd-b889-badbfba3b9e8",
              "parentUUID": "56d01134-02d5-4f0b-8cdb-db9b2ed002a1",
              "isHook": false,
              "skipped": false
            },
            {
              "title": "Verifica se os pixels dentro do quadro não têm a classe `selected` quando são clicados",
              "fullTitle": "7 - Clicar em uma das cores da paleta, faz com que ela seja selecionada e utilizada para preencher os pixels no quadro. Verifica se os pixels dentro do quadro não têm a classe `selected` quando são clicados",
              "timedOut": null,
              "duration": 10598,
              "state": "passed",
              "speed": "slow",
              "pass": true,
              "fail": false,
              "pending": false,
              "context": null,
              "code": "cy.get('.color').each(function (color) {\n  var backgroundColor = color.css('background-color');\n  cy.wrap(color).click();\n  cy.get('.pixel').each(function (pixel) {\n    cy.wrap(pixel).click().should('not.have.class', 'selected');\n  });\n});",
              "err": {},
              "uuid": "af96e0c4-ad44-4bb5-8acf-be90d06212ed",
              "parentUUID": "56d01134-02d5-4f0b-8cdb-db9b2ed002a1",
              "isHook": false,
              "skipped": false
            }
          ],
          "suites": [],
          "passes": [
            "86f7006a-b970-44cd-b889-badbfba3b9e8",
            "af96e0c4-ad44-4bb5-8acf-be90d06212ed"
          ],
          "failures": [],
          "pending": [],
          "skipped": [],
          "duration": 11296,
          "root": false,
          "rootEmpty": false,
          "_timeout": 2000
        },
        {
          "uuid": "5a134136-9840-4647-9cf7-58406c18ff7c",
          "title": "8 - Clicar em um pixel dentro do quadro após selecionar uma cor na paleta, faz com que o pixel seja preenchido com a cor selecionada.",
          "fullFile": "",
          "file": "",
          "beforeHooks": [],
          "afterHooks": [],
          "tests": [
            {
              "title": "Verifica se ao carregar a página deve ser possível pintar os pixels de preto",
              "fullTitle": "8 - Clicar em um pixel dentro do quadro após selecionar uma cor na paleta, faz com que o pixel seja preenchido com a cor selecionada. Verifica se ao carregar a página deve ser possível pintar os pixels de preto",
              "timedOut": null,
              "duration": 4944,
              "state": "failed",
              "speed": null,
              "pass": false,
              "fail": true,
              "pending": false,
              "context": null,
              "code": "cy.get('.pixel').each(function (pixel) {\n  cy.wrap(pixel).click().should('have.css', 'background-color', BLACK);\n});",
              "err": {
                "message": "CypressError: Timed out retrying: expected '<div.pixel>' to have CSS property 'background-color' with the value 'rgb(0, 0, 0)', but the value was 'rgb(255, 255, 255)'",
                "estack": "CypressError: Timed out retrying: expected '<div.pixel>' to have CSS property 'background-color' with the value 'rgb(0, 0, 0)', but the value was 'rgb(255, 255, 255)'\n    at cypressErr (http://localhost:44097/__cypress/runner/cypress_runner.js:149934:9)\n    at throwErr (http://localhost:44097/__cypress/runner/cypress_runner.js:149867:11)\n    at Object.throwErrByPath (http://localhost:44097/__cypress/runner/cypress_runner.js:149915:3)\n    at retry (http://localhost:44097/__cypress/runner/cypress_runner.js:144197:19)\n    at onFailFn (http://localhost:44097/__cypress/runner/cypress_runner.js:132448:16)\n    at tryCatcher (http://localhost:44097/__cypress/runner/cypress_runner.js:167415:23)\n    at Promise._settlePromiseFromHandler (http://localhost:44097/__cypress/runner/cypress_runner.js:165351:31)\n    at Promise._settlePromise (http://localhost:44097/__cypress/runner/cypress_runner.js:165408:18)\n    at Promise._settlePromise0 (http://localhost:44097/__cypress/runner/cypress_runner.js:165453:10)\n    at Promise._settlePromises (http://localhost:44097/__cypress/runner/cypress_runner.js:165528:18)\n    at Async../node_modules/bluebird/js/release/async.js.Async._drainQueue (http://localhost:44097/__cypress/runner/cypress_runner.js:162140:16)\n    at Async../node_modules/bluebird/js/release/async.js.Async._drainQueues (http://localhost:44097/__cypress/runner/cypress_runner.js:162150:10)\n    at Async.drainQueues (http://localhost:44097/__cypress/runner/cypress_runner.js:162024:14)",
                "diff": null
              },
              "uuid": "96741ec8-284b-4665-b9e2-d5101f8b8842",
              "parentUUID": "5a134136-9840-4647-9cf7-58406c18ff7c",
              "isHook": false,
              "skipped": false
            },
            {
              "title": "Verifica se após selecionar uma outra cor na paleta, é possível pintar os pixels com essa cor",
              "fullTitle": "8 - Clicar em um pixel dentro do quadro após selecionar uma cor na paleta, faz com que o pixel seja preenchido com a cor selecionada. Verifica se após selecionar uma outra cor na paleta, é possível pintar os pixels com essa cor",
              "timedOut": null,
              "duration": 4897,
              "state": "failed",
              "speed": null,
              "pass": false,
              "fail": true,
              "pending": false,
              "context": null,
              "code": "cy.get('.color').each(function (color) {\n  var backgroundColor = color.css('background-color');\n  cy.wrap(color).click();\n  cy.get('.pixel').each(function (pixel) {\n    cy.wrap(pixel).click().should('have.css', 'background-color', backgroundColor);\n  });\n});",
              "err": {
                "message": "CypressError: Timed out retrying: expected '<div.pixel>' to have CSS property 'background-color' with the value 'rgb(0, 0, 0)', but the value was 'rgb(255, 255, 255)'",
                "estack": "CypressError: Timed out retrying: expected '<div.pixel>' to have CSS property 'background-color' with the value 'rgb(0, 0, 0)', but the value was 'rgb(255, 255, 255)'\n    at cypressErr (http://localhost:44097/__cypress/runner/cypress_runner.js:149934:9)\n    at throwErr (http://localhost:44097/__cypress/runner/cypress_runner.js:149867:11)\n    at Object.throwErrByPath (http://localhost:44097/__cypress/runner/cypress_runner.js:149915:3)\n    at retry (http://localhost:44097/__cypress/runner/cypress_runner.js:144197:19)\n    at onFailFn (http://localhost:44097/__cypress/runner/cypress_runner.js:132448:16)\n    at tryCatcher (http://localhost:44097/__cypress/runner/cypress_runner.js:167415:23)\n    at Promise._settlePromiseFromHandler (http://localhost:44097/__cypress/runner/cypress_runner.js:165351:31)\n    at Promise._settlePromise (http://localhost:44097/__cypress/runner/cypress_runner.js:165408:18)\n    at Promise._settlePromise0 (http://localhost:44097/__cypress/runner/cypress_runner.js:165453:10)\n    at Promise._settlePromises (http://localhost:44097/__cypress/runner/cypress_runner.js:165528:18)\n    at Async../node_modules/bluebird/js/release/async.js.Async._drainQueue (http://localhost:44097/__cypress/runner/cypress_runner.js:162140:16)\n    at Async../node_modules/bluebird/js/release/async.js.Async._drainQueues (http://localhost:44097/__cypress/runner/cypress_runner.js:162150:10)\n    at Async.drainQueues (http://localhost:44097/__cypress/runner/cypress_runner.js:162024:14)",
                "diff": null
              },
              "uuid": "2126e9d4-ac02-430b-ba22-468675f061ee",
              "parentUUID": "5a134136-9840-4647-9cf7-58406c18ff7c",
              "isHook": false,
              "skipped": false
            },
            {
              "title": "Verifica se somente o pixel que foi clicado foi preenchido com a cor selecionada, sem influenciar na cor dos demais pixels.",
              "fullTitle": "8 - Clicar em um pixel dentro do quadro após selecionar uma cor na paleta, faz com que o pixel seja preenchido com a cor selecionada. Verifica se somente o pixel que foi clicado foi preenchido com a cor selecionada, sem influenciar na cor dos demais pixels.",
              "timedOut": null,
              "duration": 2337,
              "state": "passed",
              "speed": "slow",
              "pass": true,
              "fail": false,
              "pending": false,
              "context": null,
              "code": "var colorToPixelIndexMap = {\n  0: 6,\n  1: 8,\n  2: 16,\n  3: 18\n};\ncy.get('.color').each(function (color, index) {\n  cy.wrap(color).click();\n  var backgroundColor = color.css('background-color');\n  var clickedPixelIndex = colorToPixelIndexMap[index];\n  cy.get('.pixel').eq(clickedPixelIndex).click();\n  cy.get('.pixel').eq(clickedPixelIndex - 1).should('not.have.css', 'background-color', backgroundColor);\n  cy.get('.pixel').eq(clickedPixelIndex + 1).should('not.have.css', 'background-color', backgroundColor);\n  cy.get('.pixel').eq(clickedPixelIndex - 5).should('not.have.css', 'background-color', backgroundColor);\n  cy.get('.pixel').eq(clickedPixelIndex + 5).should('not.have.css', 'background-color', backgroundColor);\n  cy.get('.pixel').eq(clickedPixelIndex - 6).should('not.have.css', 'background-color', backgroundColor);\n  cy.get('.pixel').eq(clickedPixelIndex - 4).should('not.have.css', 'background-color', backgroundColor);\n  cy.get('.pixel').eq(clickedPixelIndex + 4).should('not.have.css', 'background-color', backgroundColor);\n  cy.get('.pixel').eq(clickedPixelIndex + 6).should('not.have.css', 'background-color', backgroundColor);\n});",
              "err": {},
              "uuid": "f4ff0569-78a7-4fda-afdd-159932812e89",
              "parentUUID": "5a134136-9840-4647-9cf7-58406c18ff7c",
              "isHook": false,
              "skipped": false
            }
          ],
          "suites": [],
          "passes": [
            "f4ff0569-78a7-4fda-afdd-159932812e89"
          ],
          "failures": [
            "96741ec8-284b-4665-b9e2-d5101f8b8842",
            "2126e9d4-ac02-430b-ba22-468675f061ee"
          ],
          "pending": [],
          "skipped": [],
          "duration": 12178,
          "root": false,
          "rootEmpty": false,
          "_timeout": 2000
        },
        {
          "uuid": "93df854b-3996-4ae4-86d8-06cce8126760",
          "title": "9 - Crie um botão que, ao ser clicado, limpa o quadro preenchendo a cor de todos seus pixels com branco.",
          "fullFile": "",
          "file": "",
          "beforeHooks": [],
          "afterHooks": [],
          "tests": [
            {
              "title": "Verifica se o botão tem o `id` denominado `clear-board`",
              "fullTitle": "9 - Crie um botão que, ao ser clicado, limpa o quadro preenchendo a cor de todos seus pixels com branco. Verifica se o botão tem o `id` denominado `clear-board`",
              "timedOut": null,
              "duration": 4617,
              "state": "failed",
              "speed": null,
              "pass": false,
              "fail": true,
              "pending": false,
              "context": null,
              "code": "cy.get('#clear-board').should('be.visible');",
              "err": {
                "message": "CypressError: Timed out retrying: expected '<section#clear-board>' to be 'visible'\n\nThis element '<section#clear-board>' is not visible because it has an effective width and height of: '1366 x 0' pixels.",
                "estack": "CypressError: Timed out retrying: expected '<section#clear-board>' to be 'visible'\n\nThis element '<section#clear-board>' is not visible because it has an effective width and height of: '1366 x 0' pixels.\n    at cypressErr (http://localhost:44097/__cypress/runner/cypress_runner.js:149934:9)\n    at throwErr (http://localhost:44097/__cypress/runner/cypress_runner.js:149867:11)\n    at Object.throwErrByPath (http://localhost:44097/__cypress/runner/cypress_runner.js:149915:3)\n    at retry (http://localhost:44097/__cypress/runner/cypress_runner.js:144197:19)\n    at onFailFn (http://localhost:44097/__cypress/runner/cypress_runner.js:132448:16)\n    at tryCatcher (http://localhost:44097/__cypress/runner/cypress_runner.js:167415:23)\n    at Promise._settlePromiseFromHandler (http://localhost:44097/__cypress/runner/cypress_runner.js:165351:31)\n    at Promise._settlePromise (http://localhost:44097/__cypress/runner/cypress_runner.js:165408:18)\n    at Promise._settlePromise0 (http://localhost:44097/__cypress/runner/cypress_runner.js:165453:10)\n    at Promise._settlePromises (http://localhost:44097/__cypress/runner/cypress_runner.js:165528:18)\n    at Async../node_modules/bluebird/js/release/async.js.Async._drainQueue (http://localhost:44097/__cypress/runner/cypress_runner.js:162140:16)\n    at Async../node_modules/bluebird/js/release/async.js.Async._drainQueues (http://localhost:44097/__cypress/runner/cypress_runner.js:162150:10)\n    at Async.drainQueues (http://localhost:44097/__cypress/runner/cypress_runner.js:162024:14)",
                "diff": null
              },
              "uuid": "70e01742-661d-484b-aba9-c63c476094ab",
              "parentUUID": "93df854b-3996-4ae4-86d8-06cce8126760",
              "isHook": false,
              "skipped": false
            },
            {
              "title": "Verifica se o botão está posicionado entre a paleta de cores e o quadro de pixels",
              "fullTitle": "9 - Crie um botão que, ao ser clicado, limpa o quadro preenchendo a cor de todos seus pixels com branco. Verifica se o botão está posicionado entre a paleta de cores e o quadro de pixels",
              "timedOut": null,
              "duration": 310,
              "state": "passed",
              "speed": "slow",
              "pass": true,
              "fail": false,
              "pending": false,
              "context": null,
              "code": "cy.get('#color-palette').then(function (palette) {\n  cy.get('#clear-board').should('be.belowOf', palette);\n});\ncy.get('#clear-board').then(function (clearBtn) {\n  cy.get('#pixel-board').should('be.belowOf', clearBtn);\n});",
              "err": {},
              "uuid": "47a88f50-43f2-4b83-a6b3-6623c298a8fa",
              "parentUUID": "93df854b-3996-4ae4-86d8-06cce8126760",
              "isHook": false,
              "skipped": false
            },
            {
              "title": "Verifica se o texto do botão é 'Limpar'",
              "fullTitle": "9 - Crie um botão que, ao ser clicado, limpa o quadro preenchendo a cor de todos seus pixels com branco. Verifica se o texto do botão é 'Limpar'",
              "timedOut": null,
              "duration": 4542,
              "state": "failed",
              "speed": null,
              "pass": false,
              "fail": true,
              "pending": false,
              "context": null,
              "code": "cy.get('#clear-board').should('contain.text', 'Limpar');",
              "err": {
                "message": "CypressError: Timed out retrying: expected '<section#clear-board>' to contain text 'Limpar', but the text was ''",
                "estack": "CypressError: Timed out retrying: expected '<section#clear-board>' to contain text 'Limpar', but the text was ''\n    at cypressErr (http://localhost:44097/__cypress/runner/cypress_runner.js:149934:9)\n    at throwErr (http://localhost:44097/__cypress/runner/cypress_runner.js:149867:11)\n    at Object.throwErrByPath (http://localhost:44097/__cypress/runner/cypress_runner.js:149915:3)\n    at retry (http://localhost:44097/__cypress/runner/cypress_runner.js:144197:19)\n    at onFailFn (http://localhost:44097/__cypress/runner/cypress_runner.js:132448:16)\n    at tryCatcher (http://localhost:44097/__cypress/runner/cypress_runner.js:167415:23)\n    at Promise._settlePromiseFromHandler (http://localhost:44097/__cypress/runner/cypress_runner.js:165351:31)\n    at Promise._settlePromise (http://localhost:44097/__cypress/runner/cypress_runner.js:165408:18)\n    at Promise._settlePromise0 (http://localhost:44097/__cypress/runner/cypress_runner.js:165453:10)\n    at Promise._settlePromises (http://localhost:44097/__cypress/runner/cypress_runner.js:165528:18)\n    at Async../node_modules/bluebird/js/release/async.js.Async._drainQueue (http://localhost:44097/__cypress/runner/cypress_runner.js:162140:16)\n    at Async../node_modules/bluebird/js/release/async.js.Async._drainQueues (http://localhost:44097/__cypress/runner/cypress_runner.js:162150:10)\n    at Async.drainQueues (http://localhost:44097/__cypress/runner/cypress_runner.js:162024:14)",
                "diff": null
              },
              "uuid": "227388b8-eb6e-4fbb-b129-9bbe662c450f",
              "parentUUID": "93df854b-3996-4ae4-86d8-06cce8126760",
              "isHook": false,
              "skipped": false
            },
            {
              "title": "Verifica se ao clicar no botão, o quadro de pixels é totalmente preenchido de branco",
              "fullTitle": "9 - Crie um botão que, ao ser clicado, limpa o quadro preenchendo a cor de todos seus pixels com branco. Verifica se ao clicar no botão, o quadro de pixels é totalmente preenchido de branco",
              "timedOut": null,
              "duration": 4838,
              "state": "failed",
              "speed": null,
              "pass": false,
              "fail": true,
              "pending": false,
              "context": null,
              "code": "cy.get('.color').eq(1).then(function (color) {\n  var backgroundColor = color.css('background-color');\n  cy.wrap(color).click();\n  cy.get('.pixel').each(function (pixel) {\n    cy.wrap(pixel).click().should('have.css', 'background-color', backgroundColor);\n  });\n});\ncy.get('#clear-board').click();\ncy.get('.pixel').each(function (pixel) {\n  cy.wrap(pixel).should('have.css', 'background-color', WHITE);\n});",
              "err": {
                "message": "CypressError: Timed out retrying: expected '<div.pixel>' to have CSS property 'background-color' with the value 'rgb(0, 0, 255)', but the value was 'rgb(255, 255, 255)'",
                "estack": "CypressError: Timed out retrying: expected '<div.pixel>' to have CSS property 'background-color' with the value 'rgb(0, 0, 255)', but the value was 'rgb(255, 255, 255)'\n    at cypressErr (http://localhost:44097/__cypress/runner/cypress_runner.js:149934:9)\n    at throwErr (http://localhost:44097/__cypress/runner/cypress_runner.js:149867:11)\n    at Object.throwErrByPath (http://localhost:44097/__cypress/runner/cypress_runner.js:149915:3)\n    at retry (http://localhost:44097/__cypress/runner/cypress_runner.js:144197:19)\n    at onFailFn (http://localhost:44097/__cypress/runner/cypress_runner.js:132448:16)\n    at tryCatcher (http://localhost:44097/__cypress/runner/cypress_runner.js:167415:23)\n    at Promise._settlePromiseFromHandler (http://localhost:44097/__cypress/runner/cypress_runner.js:165351:31)\n    at Promise._settlePromise (http://localhost:44097/__cypress/runner/cypress_runner.js:165408:18)\n    at Promise._settlePromise0 (http://localhost:44097/__cypress/runner/cypress_runner.js:165453:10)\n    at Promise._settlePromises (http://localhost:44097/__cypress/runner/cypress_runner.js:165528:18)\n    at Async../node_modules/bluebird/js/release/async.js.Async._drainQueue (http://localhost:44097/__cypress/runner/cypress_runner.js:162140:16)\n    at Async../node_modules/bluebird/js/release/async.js.Async._drainQueues (http://localhost:44097/__cypress/runner/cypress_runner.js:162150:10)\n    at Async.drainQueues (http://localhost:44097/__cypress/runner/cypress_runner.js:162024:14)",
                "diff": null
              },
              "uuid": "a3c72526-075d-4a6b-b18f-551340926457",
              "parentUUID": "93df854b-3996-4ae4-86d8-06cce8126760",
              "isHook": false,
              "skipped": false
            }
          ],
          "suites": [],
          "passes": [
            "47a88f50-43f2-4b83-a6b3-6623c298a8fa"
          ],
          "failures": [
            "70e01742-661d-484b-aba9-c63c476094ab",
            "227388b8-eb6e-4fbb-b129-9bbe662c450f",
            "a3c72526-075d-4a6b-b18f-551340926457"
          ],
          "pending": [],
          "skipped": [],
          "duration": 14307,
          "root": false,
          "rootEmpty": false,
          "_timeout": 2000
        },
        {
          "uuid": "a0a73907-f3ac-418e-ba53-d12c19e2d26b",
          "title": "10 - Faça o quadro de pixels ter seu tamanho definido pelo usuário.",
          "fullFile": "",
          "file": "",
          "beforeHooks": [],
          "afterHooks": [],
          "tests": [
            {
              "title": "Verifica se existe um input com o id `board-size`",
              "fullTitle": "10 - Faça o quadro de pixels ter seu tamanho definido pelo usuário. Verifica se existe um input com o id `board-size`",
              "timedOut": null,
              "duration": 4691,
              "state": "failed",
              "speed": null,
              "pass": false,
              "fail": true,
              "pending": false,
              "context": null,
              "code": "cy.get('#board-size').should('be.visible');",
              "err": {
                "message": "CypressError: Timed out retrying: Expected to find element: '#board-size', but never found it.",
                "estack": "CypressError: Timed out retrying: Expected to find element: '#board-size', but never found it.\n    at cypressErr (http://localhost:44097/__cypress/runner/cypress_runner.js:149934:9)\n    at throwErr (http://localhost:44097/__cypress/runner/cypress_runner.js:149867:11)\n    at Object.throwErrByPath (http://localhost:44097/__cypress/runner/cypress_runner.js:149915:3)\n    at retry (http://localhost:44097/__cypress/runner/cypress_runner.js:144197:19)\n    at onFailFn (http://localhost:44097/__cypress/runner/cypress_runner.js:132448:16)\n    at tryCatcher (http://localhost:44097/__cypress/runner/cypress_runner.js:167415:23)\n    at Promise._settlePromiseFromHandler (http://localhost:44097/__cypress/runner/cypress_runner.js:165351:31)\n    at Promise._settlePromise (http://localhost:44097/__cypress/runner/cypress_runner.js:165408:18)\n    at Promise._settlePromise0 (http://localhost:44097/__cypress/runner/cypress_runner.js:165453:10)\n    at Promise._settlePromises (http://localhost:44097/__cypress/runner/cypress_runner.js:165528:18)\n    at Async../node_modules/bluebird/js/release/async.js.Async._drainQueue (http://localhost:44097/__cypress/runner/cypress_runner.js:162140:16)\n    at Async../node_modules/bluebird/js/release/async.js.Async._drainQueues (http://localhost:44097/__cypress/runner/cypress_runner.js:162150:10)\n    at Async.drainQueues (http://localhost:44097/__cypress/runner/cypress_runner.js:162024:14)",
                "diff": null
              },
              "uuid": "0a56f6e0-3c78-4743-ad15-1f8351b27803",
              "parentUUID": "a0a73907-f3ac-418e-ba53-d12c19e2d26b",
              "isHook": false,
              "skipped": false
            },
            {
              "title": "Verifica se existe um botão com o id `generate-board`",
              "fullTitle": "10 - Faça o quadro de pixels ter seu tamanho definido pelo usuário. Verifica se existe um botão com o id `generate-board`",
              "timedOut": null,
              "duration": 4922,
              "state": "failed",
              "speed": null,
              "pass": false,
              "fail": true,
              "pending": false,
              "context": null,
              "code": "cy.get('#generate-board').should('be.visible');",
              "err": {
                "message": "CypressError: Timed out retrying: Expected to find element: '#generate-board', but never found it.",
                "estack": "CypressError: Timed out retrying: Expected to find element: '#generate-board', but never found it.\n    at cypressErr (http://localhost:44097/__cypress/runner/cypress_runner.js:149934:9)\n    at throwErr (http://localhost:44097/__cypress/runner/cypress_runner.js:149867:11)\n    at Object.throwErrByPath (http://localhost:44097/__cypress/runner/cypress_runner.js:149915:3)\n    at retry (http://localhost:44097/__cypress/runner/cypress_runner.js:144197:19)\n    at onFailFn (http://localhost:44097/__cypress/runner/cypress_runner.js:132448:16)\n    at tryCatcher (http://localhost:44097/__cypress/runner/cypress_runner.js:167415:23)\n    at Promise._settlePromiseFromHandler (http://localhost:44097/__cypress/runner/cypress_runner.js:165351:31)\n    at Promise._settlePromise (http://localhost:44097/__cypress/runner/cypress_runner.js:165408:18)\n    at Promise._settlePromise0 (http://localhost:44097/__cypress/runner/cypress_runner.js:165453:10)\n    at Promise._settlePromises (http://localhost:44097/__cypress/runner/cypress_runner.js:165528:18)\n    at Async../node_modules/bluebird/js/release/async.js.Async._drainQueue (http://localhost:44097/__cypress/runner/cypress_runner.js:162140:16)\n    at Async../node_modules/bluebird/js/release/async.js.Async._drainQueues (http://localhost:44097/__cypress/runner/cypress_runner.js:162150:10)\n    at Async.drainQueues (http://localhost:44097/__cypress/runner/cypress_runner.js:162024:14)",
                "diff": null
              },
              "uuid": "dcf4b7c8-68c2-411f-aee7-06791bf99d61",
              "parentUUID": "a0a73907-f3ac-418e-ba53-d12c19e2d26b",
              "isHook": false,
              "skipped": false
            },
            {
              "title": "Verifica se o input só aceita número maiores que zero. Essa restrição deve ser feita usando os atributos do elemento `input`",
              "fullTitle": "10 - Faça o quadro de pixels ter seu tamanho definido pelo usuário. Verifica se o input só aceita número maiores que zero. Essa restrição deve ser feita usando os atributos do elemento `input`",
              "timedOut": null,
              "duration": 5133,
              "state": "failed",
              "speed": null,
              "pass": false,
              "fail": true,
              "pending": false,
              "context": null,
              "code": "cy.get('#board-size[type=\\'number\\'][min=\\'1\\']');",
              "err": {
                "message": "CypressError: Timed out retrying: Expected to find element: '#board-size[type='number'][min='1']', but never found it.",
                "estack": "CypressError: Timed out retrying: Expected to find element: '#board-size[type='number'][min='1']', but never found it.\n    at cypressErr (http://localhost:44097/__cypress/runner/cypress_runner.js:149934:9)\n    at throwErr (http://localhost:44097/__cypress/runner/cypress_runner.js:149867:11)\n    at Object.throwErrByPath (http://localhost:44097/__cypress/runner/cypress_runner.js:149915:3)\n    at retry (http://localhost:44097/__cypress/runner/cypress_runner.js:144197:19)\n    at onFailFn (http://localhost:44097/__cypress/runner/cypress_runner.js:132448:16)\n    at tryCatcher (http://localhost:44097/__cypress/runner/cypress_runner.js:167415:23)\n    at Promise._settlePromiseFromHandler (http://localhost:44097/__cypress/runner/cypress_runner.js:165351:31)\n    at Promise._settlePromise (http://localhost:44097/__cypress/runner/cypress_runner.js:165408:18)\n    at Promise._settlePromise0 (http://localhost:44097/__cypress/runner/cypress_runner.js:165453:10)\n    at Promise._settlePromises (http://localhost:44097/__cypress/runner/cypress_runner.js:165528:18)\n    at Async../node_modules/bluebird/js/release/async.js.Async._drainQueue (http://localhost:44097/__cypress/runner/cypress_runner.js:162140:16)\n    at Async../node_modules/bluebird/js/release/async.js.Async._drainQueues (http://localhost:44097/__cypress/runner/cypress_runner.js:162150:10)\n    at Async.drainQueues (http://localhost:44097/__cypress/runner/cypress_runner.js:162024:14)",
                "diff": null
              },
              "uuid": "26b44be9-278f-4c82-8d5b-4cd67fbc4414",
              "parentUUID": "a0a73907-f3ac-418e-ba53-d12c19e2d26b",
              "isHook": false,
              "skipped": false
            },
            {
              "title": "Verifica se o botão contém o texto 'VQV'",
              "fullTitle": "10 - Faça o quadro de pixels ter seu tamanho definido pelo usuário. Verifica se o botão contém o texto 'VQV'",
              "timedOut": null,
              "duration": 5063,
              "state": "failed",
              "speed": null,
              "pass": false,
              "fail": true,
              "pending": false,
              "context": null,
              "code": "cy.get('#generate-board').contains(/vqv/i);",
              "err": {
                "message": "CypressError: Timed out retrying: Expected to find element: '#generate-board', but never found it.",
                "estack": "CypressError: Timed out retrying: Expected to find element: '#generate-board', but never found it.\n    at cypressErr (http://localhost:44097/__cypress/runner/cypress_runner.js:149934:9)\n    at throwErr (http://localhost:44097/__cypress/runner/cypress_runner.js:149867:11)\n    at Object.throwErrByPath (http://localhost:44097/__cypress/runner/cypress_runner.js:149915:3)\n    at retry (http://localhost:44097/__cypress/runner/cypress_runner.js:144197:19)\n    at onFailFn (http://localhost:44097/__cypress/runner/cypress_runner.js:132448:16)\n    at tryCatcher (http://localhost:44097/__cypress/runner/cypress_runner.js:167415:23)\n    at Promise._settlePromiseFromHandler (http://localhost:44097/__cypress/runner/cypress_runner.js:165351:31)\n    at Promise._settlePromise (http://localhost:44097/__cypress/runner/cypress_runner.js:165408:18)\n    at Promise._settlePromise0 (http://localhost:44097/__cypress/runner/cypress_runner.js:165453:10)\n    at Promise._settlePromises (http://localhost:44097/__cypress/runner/cypress_runner.js:165528:18)\n    at Async../node_modules/bluebird/js/release/async.js.Async._drainQueue (http://localhost:44097/__cypress/runner/cypress_runner.js:162140:16)\n    at Async../node_modules/bluebird/js/release/async.js.Async._drainQueues (http://localhost:44097/__cypress/runner/cypress_runner.js:162150:10)\n    at Async.drainQueues (http://localhost:44097/__cypress/runner/cypress_runner.js:162024:14)",
                "diff": null
              },
              "uuid": "420a31bc-e4ee-4819-938d-ca85d7a9b0b0",
              "parentUUID": "a0a73907-f3ac-418e-ba53-d12c19e2d26b",
              "isHook": false,
              "skipped": false
            },
            {
              "title": "Verifica se o input está posicionado entre a paleta de cores e o quadro de pixels",
              "fullTitle": "10 - Faça o quadro de pixels ter seu tamanho definido pelo usuário. Verifica se o input está posicionado entre a paleta de cores e o quadro de pixels",
              "timedOut": null,
              "duration": 4577,
              "state": "failed",
              "speed": null,
              "pass": false,
              "fail": true,
              "pending": false,
              "context": null,
              "code": "cy.get('#color-palette').then(function (palette) {\n  cy.get('#board-size').should('be.belowOf', palette);\n});\ncy.get('#board-size').then(function (palette) {\n  cy.get('#pixel-board').should('be.belowOf', palette);\n});",
              "err": {
                "message": "CypressError: Timed out retrying: Expected to find element: '#board-size', but never found it.",
                "estack": "CypressError: Timed out retrying: Expected to find element: '#board-size', but never found it.\n    at cypressErr (http://localhost:44097/__cypress/runner/cypress_runner.js:149934:9)\n    at throwErr (http://localhost:44097/__cypress/runner/cypress_runner.js:149867:11)\n    at Object.throwErrByPath (http://localhost:44097/__cypress/runner/cypress_runner.js:149915:3)\n    at retry (http://localhost:44097/__cypress/runner/cypress_runner.js:144197:19)\n    at onFailFn (http://localhost:44097/__cypress/runner/cypress_runner.js:132448:16)\n    at tryCatcher (http://localhost:44097/__cypress/runner/cypress_runner.js:167415:23)\n    at Promise._settlePromiseFromHandler (http://localhost:44097/__cypress/runner/cypress_runner.js:165351:31)\n    at Promise._settlePromise (http://localhost:44097/__cypress/runner/cypress_runner.js:165408:18)\n    at Promise._settlePromise0 (http://localhost:44097/__cypress/runner/cypress_runner.js:165453:10)\n    at Promise._settlePromises (http://localhost:44097/__cypress/runner/cypress_runner.js:165528:18)\n    at Async../node_modules/bluebird/js/release/async.js.Async._drainQueue (http://localhost:44097/__cypress/runner/cypress_runner.js:162140:16)\n    at Async../node_modules/bluebird/js/release/async.js.Async._drainQueues (http://localhost:44097/__cypress/runner/cypress_runner.js:162150:10)\n    at Async.drainQueues (http://localhost:44097/__cypress/runner/cypress_runner.js:162024:14)",
                "diff": null
              },
              "uuid": "0b8e68ee-b73a-4dba-b04e-5821972fd268",
              "parentUUID": "a0a73907-f3ac-418e-ba53-d12c19e2d26b",
              "isHook": false,
              "skipped": false
            },
            {
              "title": "Verifica se o botão está posicionado ao lado do input",
              "fullTitle": "10 - Faça o quadro de pixels ter seu tamanho definido pelo usuário. Verifica se o botão está posicionado ao lado do input",
              "timedOut": null,
              "duration": 4649,
              "state": "failed",
              "speed": null,
              "pass": false,
              "fail": true,
              "pending": false,
              "context": null,
              "code": "cy.get('#board-size').then(function (board) {\n  cy.get('#generate-board').should('be.onTheRightOf', board);\n});",
              "err": {
                "message": "CypressError: Timed out retrying: Expected to find element: '#board-size', but never found it.",
                "estack": "CypressError: Timed out retrying: Expected to find element: '#board-size', but never found it.\n    at cypressErr (http://localhost:44097/__cypress/runner/cypress_runner.js:149934:9)\n    at throwErr (http://localhost:44097/__cypress/runner/cypress_runner.js:149867:11)\n    at Object.throwErrByPath (http://localhost:44097/__cypress/runner/cypress_runner.js:149915:3)\n    at retry (http://localhost:44097/__cypress/runner/cypress_runner.js:144197:19)\n    at onFailFn (http://localhost:44097/__cypress/runner/cypress_runner.js:132448:16)\n    at tryCatcher (http://localhost:44097/__cypress/runner/cypress_runner.js:167415:23)\n    at Promise._settlePromiseFromHandler (http://localhost:44097/__cypress/runner/cypress_runner.js:165351:31)\n    at Promise._settlePromise (http://localhost:44097/__cypress/runner/cypress_runner.js:165408:18)\n    at Promise._settlePromise0 (http://localhost:44097/__cypress/runner/cypress_runner.js:165453:10)\n    at Promise._settlePromises (http://localhost:44097/__cypress/runner/cypress_runner.js:165528:18)\n    at Async../node_modules/bluebird/js/release/async.js.Async._drainQueue (http://localhost:44097/__cypress/runner/cypress_runner.js:162140:16)\n    at Async../node_modules/bluebird/js/release/async.js.Async._drainQueues (http://localhost:44097/__cypress/runner/cypress_runner.js:162150:10)\n    at Async.drainQueues (http://localhost:44097/__cypress/runner/cypress_runner.js:162024:14)",
                "diff": null
              },
              "uuid": "aabde7aa-c8ed-411e-9288-04a2551dfa67",
              "parentUUID": "a0a73907-f3ac-418e-ba53-d12c19e2d26b",
              "isHook": false,
              "skipped": false
            },
            {
              "title": "Verifica se nenhum valor for colocado no input ao clicar no botão, um `alert` é exibido com o texto: 'Board inválido!'",
              "fullTitle": "10 - Faça o quadro de pixels ter seu tamanho definido pelo usuário. Verifica se nenhum valor for colocado no input ao clicar no botão, um `alert` é exibido com o texto: 'Board inválido!'",
              "timedOut": null,
              "duration": 4627,
              "state": "failed",
              "speed": null,
              "pass": false,
              "fail": true,
              "pending": false,
              "context": null,
              "code": "var alerted = false;\ncy.on('window:alert', function (msg) {\n  return alerted = msg;\n});\ncy.get('#generate-board').click().then(function () {\n  return expect(alerted).to.match(/Board inválido!/i);\n});",
              "err": {
                "message": "CypressError: Timed out retrying: Expected to find element: '#generate-board', but never found it.",
                "estack": "CypressError: Timed out retrying: Expected to find element: '#generate-board', but never found it.\n    at cypressErr (http://localhost:44097/__cypress/runner/cypress_runner.js:149934:9)\n    at throwErr (http://localhost:44097/__cypress/runner/cypress_runner.js:149867:11)\n    at Object.throwErrByPath (http://localhost:44097/__cypress/runner/cypress_runner.js:149915:3)\n    at retry (http://localhost:44097/__cypress/runner/cypress_runner.js:144197:19)\n    at onFailFn (http://localhost:44097/__cypress/runner/cypress_runner.js:132448:16)\n    at tryCatcher (http://localhost:44097/__cypress/runner/cypress_runner.js:167415:23)\n    at Promise._settlePromiseFromHandler (http://localhost:44097/__cypress/runner/cypress_runner.js:165351:31)\n    at Promise._settlePromise (http://localhost:44097/__cypress/runner/cypress_runner.js:165408:18)\n    at Promise._settlePromise0 (http://localhost:44097/__cypress/runner/cypress_runner.js:165453:10)\n    at Promise._settlePromises (http://localhost:44097/__cypress/runner/cypress_runner.js:165528:18)\n    at Async../node_modules/bluebird/js/release/async.js.Async._drainQueue (http://localhost:44097/__cypress/runner/cypress_runner.js:162140:16)\n    at Async../node_modules/bluebird/js/release/async.js.Async._drainQueues (http://localhost:44097/__cypress/runner/cypress_runner.js:162150:10)\n    at Async.drainQueues (http://localhost:44097/__cypress/runner/cypress_runner.js:162024:14)",
                "diff": null
              },
              "uuid": "2d60be65-6bf6-4da1-8784-0f7c60190c6a",
              "parentUUID": "a0a73907-f3ac-418e-ba53-d12c19e2d26b",
              "isHook": false,
              "skipped": false
            },
            {
              "title": "Verifica se ao clicar no botão com um valor preenchido, o tamanho do board muda.",
              "fullTitle": "10 - Faça o quadro de pixels ter seu tamanho definido pelo usuário. Verifica se ao clicar no botão com um valor preenchido, o tamanho do board muda.",
              "timedOut": null,
              "duration": 4810,
              "state": "failed",
              "speed": null,
              "pass": false,
              "fail": true,
              "pending": false,
              "context": null,
              "code": "cy.get('#board-size').clear().type(10);\ncy.get('#generate-board').click();\ncy.get('.pixel').should('have.length', 100);",
              "err": {
                "message": "CypressError: Timed out retrying: Expected to find element: '#board-size', but never found it.",
                "estack": "CypressError: Timed out retrying: Expected to find element: '#board-size', but never found it.\n    at cypressErr (http://localhost:44097/__cypress/runner/cypress_runner.js:149934:9)\n    at throwErr (http://localhost:44097/__cypress/runner/cypress_runner.js:149867:11)\n    at Object.throwErrByPath (http://localhost:44097/__cypress/runner/cypress_runner.js:149915:3)\n    at retry (http://localhost:44097/__cypress/runner/cypress_runner.js:144197:19)\n    at onFailFn (http://localhost:44097/__cypress/runner/cypress_runner.js:132448:16)\n    at tryCatcher (http://localhost:44097/__cypress/runner/cypress_runner.js:167415:23)\n    at Promise._settlePromiseFromHandler (http://localhost:44097/__cypress/runner/cypress_runner.js:165351:31)\n    at Promise._settlePromise (http://localhost:44097/__cypress/runner/cypress_runner.js:165408:18)\n    at Promise._settlePromise0 (http://localhost:44097/__cypress/runner/cypress_runner.js:165453:10)\n    at Promise._settlePromises (http://localhost:44097/__cypress/runner/cypress_runner.js:165528:18)\n    at Async../node_modules/bluebird/js/release/async.js.Async._drainQueue (http://localhost:44097/__cypress/runner/cypress_runner.js:162140:16)\n    at Async../node_modules/bluebird/js/release/async.js.Async._drainQueues (http://localhost:44097/__cypress/runner/cypress_runner.js:162150:10)\n    at Async.drainQueues (http://localhost:44097/__cypress/runner/cypress_runner.js:162024:14)",
                "diff": null
              },
              "uuid": "c7b7b3c7-9495-4356-a8b2-124bc74be1f5",
              "parentUUID": "a0a73907-f3ac-418e-ba53-d12c19e2d26b",
              "isHook": false,
              "skipped": false
            },
            {
              "title": "Verifica se o novo quadro tem todos os pixels preenchidos com a cor branca",
              "fullTitle": "10 - Faça o quadro de pixels ter seu tamanho definido pelo usuário. Verifica se o novo quadro tem todos os pixels preenchidos com a cor branca",
              "timedOut": null,
              "duration": 4629,
              "state": "failed",
              "speed": null,
              "pass": false,
              "fail": true,
              "pending": false,
              "context": null,
              "code": "cy.get('#board-size').clear().type(6);\ncy.get('#generate-board').click();\ncy.get('.pixel').should('have.length', 36).each(function (pixel) {\n  expect(pixel).to.have.css('background-color', WHITE);\n});",
              "err": {
                "message": "CypressError: Timed out retrying: Expected to find element: '#board-size', but never found it.",
                "estack": "CypressError: Timed out retrying: Expected to find element: '#board-size', but never found it.\n    at cypressErr (http://localhost:44097/__cypress/runner/cypress_runner.js:149934:9)\n    at throwErr (http://localhost:44097/__cypress/runner/cypress_runner.js:149867:11)\n    at Object.throwErrByPath (http://localhost:44097/__cypress/runner/cypress_runner.js:149915:3)\n    at retry (http://localhost:44097/__cypress/runner/cypress_runner.js:144197:19)\n    at onFailFn (http://localhost:44097/__cypress/runner/cypress_runner.js:132448:16)\n    at tryCatcher (http://localhost:44097/__cypress/runner/cypress_runner.js:167415:23)\n    at Promise._settlePromiseFromHandler (http://localhost:44097/__cypress/runner/cypress_runner.js:165351:31)\n    at Promise._settlePromise (http://localhost:44097/__cypress/runner/cypress_runner.js:165408:18)\n    at Promise._settlePromise0 (http://localhost:44097/__cypress/runner/cypress_runner.js:165453:10)\n    at Promise._settlePromises (http://localhost:44097/__cypress/runner/cypress_runner.js:165528:18)\n    at Async../node_modules/bluebird/js/release/async.js.Async._drainQueue (http://localhost:44097/__cypress/runner/cypress_runner.js:162140:16)\n    at Async../node_modules/bluebird/js/release/async.js.Async._drainQueues (http://localhost:44097/__cypress/runner/cypress_runner.js:162150:10)\n    at Async.drainQueues (http://localhost:44097/__cypress/runner/cypress_runner.js:162024:14)",
                "diff": null
              },
              "uuid": "d4331bc0-c3f4-405e-876e-da3c72bb4b2b",
              "parentUUID": "a0a73907-f3ac-418e-ba53-d12c19e2d26b",
              "isHook": false,
              "skipped": false
            }
          ],
          "suites": [],
          "passes": [],
          "failures": [
            "0a56f6e0-3c78-4743-ad15-1f8351b27803",
            "dcf4b7c8-68c2-411f-aee7-06791bf99d61",
            "26b44be9-278f-4c82-8d5b-4cd67fbc4414",
            "420a31bc-e4ee-4819-938d-ca85d7a9b0b0",
            "0b8e68ee-b73a-4dba-b04e-5821972fd268",
            "aabde7aa-c8ed-411e-9288-04a2551dfa67",
            "2d60be65-6bf6-4da1-8784-0f7c60190c6a",
            "c7b7b3c7-9495-4356-a8b2-124bc74be1f5",
            "d4331bc0-c3f4-405e-876e-da3c72bb4b2b"
          ],
          "pending": [],
          "skipped": [],
          "duration": 43101,
          "root": false,
          "rootEmpty": false,
          "_timeout": 2000
        },
        {
          "uuid": "0643d785-c21c-432c-831a-d29adcb8dc33",
          "title": "11 - Limite o tamanho mínimo e máximo do board.",
          "fullFile": "",
          "file": "",
          "beforeHooks": [],
          "afterHooks": [],
          "tests": [
            {
              "title": "Verifica se a altura máxima do board é 50",
              "fullTitle": "11 - Limite o tamanho mínimo e máximo do board. Verifica se a altura máxima do board é 50",
              "timedOut": null,
              "duration": 4649,
              "state": "failed",
              "speed": null,
              "pass": false,
              "fail": true,
              "pending": false,
              "context": null,
              "code": "cy.get('#board-size').clear().type(50);\ncy.get('#generate-board').click();\ncy.get('.pixel').should('have.length', 2500);",
              "err": {
                "message": "CypressError: Timed out retrying: Expected to find element: '#board-size', but never found it.",
                "estack": "CypressError: Timed out retrying: Expected to find element: '#board-size', but never found it.\n    at cypressErr (http://localhost:44097/__cypress/runner/cypress_runner.js:149934:9)\n    at throwErr (http://localhost:44097/__cypress/runner/cypress_runner.js:149867:11)\n    at Object.throwErrByPath (http://localhost:44097/__cypress/runner/cypress_runner.js:149915:3)\n    at retry (http://localhost:44097/__cypress/runner/cypress_runner.js:144197:19)\n    at onFailFn (http://localhost:44097/__cypress/runner/cypress_runner.js:132448:16)\n    at tryCatcher (http://localhost:44097/__cypress/runner/cypress_runner.js:167415:23)\n    at Promise._settlePromiseFromHandler (http://localhost:44097/__cypress/runner/cypress_runner.js:165351:31)\n    at Promise._settlePromise (http://localhost:44097/__cypress/runner/cypress_runner.js:165408:18)\n    at Promise._settlePromise0 (http://localhost:44097/__cypress/runner/cypress_runner.js:165453:10)\n    at Promise._settlePromises (http://localhost:44097/__cypress/runner/cypress_runner.js:165528:18)\n    at Async../node_modules/bluebird/js/release/async.js.Async._drainQueue (http://localhost:44097/__cypress/runner/cypress_runner.js:162140:16)\n    at Async../node_modules/bluebird/js/release/async.js.Async._drainQueues (http://localhost:44097/__cypress/runner/cypress_runner.js:162150:10)\n    at Async.drainQueues (http://localhost:44097/__cypress/runner/cypress_runner.js:162024:14)",
                "diff": null
              },
              "uuid": "5819a097-5673-4661-a95b-a688d203922b",
              "parentUUID": "0643d785-c21c-432c-831a-d29adcb8dc33",
              "isHook": false,
              "skipped": false
            },
            {
              "title": "Verifica se a altura do board é 5 quando um valor menor é colocado no input",
              "fullTitle": "11 - Limite o tamanho mínimo e máximo do board. Verifica se a altura do board é 5 quando um valor menor é colocado no input",
              "timedOut": null,
              "duration": 4693,
              "state": "failed",
              "speed": null,
              "pass": false,
              "fail": true,
              "pending": false,
              "context": null,
              "code": "cy.get('#board-size').clear().type(4);\ncy.get('#generate-board').click();\ncy.get('.pixel').should('have.length', 25);",
              "err": {
                "message": "CypressError: Timed out retrying: Expected to find element: '#board-size', but never found it.",
                "estack": "CypressError: Timed out retrying: Expected to find element: '#board-size', but never found it.\n    at cypressErr (http://localhost:44097/__cypress/runner/cypress_runner.js:149934:9)\n    at throwErr (http://localhost:44097/__cypress/runner/cypress_runner.js:149867:11)\n    at Object.throwErrByPath (http://localhost:44097/__cypress/runner/cypress_runner.js:149915:3)\n    at retry (http://localhost:44097/__cypress/runner/cypress_runner.js:144197:19)\n    at onFailFn (http://localhost:44097/__cypress/runner/cypress_runner.js:132448:16)\n    at tryCatcher (http://localhost:44097/__cypress/runner/cypress_runner.js:167415:23)\n    at Promise._settlePromiseFromHandler (http://localhost:44097/__cypress/runner/cypress_runner.js:165351:31)\n    at Promise._settlePromise (http://localhost:44097/__cypress/runner/cypress_runner.js:165408:18)\n    at Promise._settlePromise0 (http://localhost:44097/__cypress/runner/cypress_runner.js:165453:10)\n    at Promise._settlePromises (http://localhost:44097/__cypress/runner/cypress_runner.js:165528:18)\n    at Async../node_modules/bluebird/js/release/async.js.Async._drainQueue (http://localhost:44097/__cypress/runner/cypress_runner.js:162140:16)\n    at Async../node_modules/bluebird/js/release/async.js.Async._drainQueues (http://localhost:44097/__cypress/runner/cypress_runner.js:162150:10)\n    at Async.drainQueues (http://localhost:44097/__cypress/runner/cypress_runner.js:162024:14)",
                "diff": null
              },
              "uuid": "7779d9d5-ff78-4e7c-9b4e-e6644a904a5a",
              "parentUUID": "0643d785-c21c-432c-831a-d29adcb8dc33",
              "isHook": false,
              "skipped": false
            },
            {
              "title": "Verifica se a altura do board é 50 quando um valor maior é colocado no input",
              "fullTitle": "11 - Limite o tamanho mínimo e máximo do board. Verifica se a altura do board é 50 quando um valor maior é colocado no input",
              "timedOut": null,
              "duration": 4689,
              "state": "failed",
              "speed": null,
              "pass": false,
              "fail": true,
              "pending": false,
              "context": null,
              "code": "cy.get('#board-size').clear().type(51);\ncy.get('#generate-board').click();\ncy.get('.pixel').should('have.length', 2500);",
              "err": {
                "message": "CypressError: Timed out retrying: Expected to find element: '#board-size', but never found it.",
                "estack": "CypressError: Timed out retrying: Expected to find element: '#board-size', but never found it.\n    at cypressErr (http://localhost:44097/__cypress/runner/cypress_runner.js:149934:9)\n    at throwErr (http://localhost:44097/__cypress/runner/cypress_runner.js:149867:11)\n    at Object.throwErrByPath (http://localhost:44097/__cypress/runner/cypress_runner.js:149915:3)\n    at retry (http://localhost:44097/__cypress/runner/cypress_runner.js:144197:19)\n    at onFailFn (http://localhost:44097/__cypress/runner/cypress_runner.js:132448:16)\n    at tryCatcher (http://localhost:44097/__cypress/runner/cypress_runner.js:167415:23)\n    at Promise._settlePromiseFromHandler (http://localhost:44097/__cypress/runner/cypress_runner.js:165351:31)\n    at Promise._settlePromise (http://localhost:44097/__cypress/runner/cypress_runner.js:165408:18)\n    at Promise._settlePromise0 (http://localhost:44097/__cypress/runner/cypress_runner.js:165453:10)\n    at Promise._settlePromises (http://localhost:44097/__cypress/runner/cypress_runner.js:165528:18)\n    at Async../node_modules/bluebird/js/release/async.js.Async._drainQueue (http://localhost:44097/__cypress/runner/cypress_runner.js:162140:16)\n    at Async../node_modules/bluebird/js/release/async.js.Async._drainQueues (http://localhost:44097/__cypress/runner/cypress_runner.js:162150:10)\n    at Async.drainQueues (http://localhost:44097/__cypress/runner/cypress_runner.js:162024:14)",
                "diff": null
              },
              "uuid": "3dbd5dbe-b32f-4f23-aa2d-e0d29ff1ce6e",
              "parentUUID": "0643d785-c21c-432c-831a-d29adcb8dc33",
              "isHook": false,
              "skipped": false
            }
          ],
          "suites": [],
          "passes": [],
          "failures": [
            "5819a097-5673-4661-a95b-a688d203922b",
            "7779d9d5-ff78-4e7c-9b4e-e6644a904a5a",
            "3dbd5dbe-b32f-4f23-aa2d-e0d29ff1ce6e"
          ],
          "pending": [],
          "skipped": [],
          "duration": 14031,
          "root": false,
          "rootEmpty": false,
          "_timeout": 2000
        },
        {
          "uuid": "1ad716b7-627d-4dee-b0a2-21b630ff3815",
          "title": "12 - Faça com que as cores da paleta sejam geradas aleatoriamente ao carregar a página.",
          "fullFile": "",
          "file": "",
          "beforeHooks": [],
          "afterHooks": [],
          "tests": [
            {
              "title": "Verifica se as cores geradas na paleta são diferentes a cada carregamento da página",
              "fullTitle": "12 - Faça com que as cores da paleta sejam geradas aleatoriamente ao carregar a página. Verifica se as cores geradas na paleta são diferentes a cada carregamento da página",
              "timedOut": null,
              "duration": 880,
              "state": "failed",
              "speed": null,
              "pass": false,
              "fail": true,
              "pending": false,
              "context": null,
              "code": "cy.get('.color').then(function (colors) {\n  var currentColors;\n  var previousColors;\n  previousColors = Array.from(colors).map(function (color) {\n    return Cypress.$(color).css('background-color');\n  });\n  for (var i = 0; i < 5; i += 1) {\n    cy.reload();\n    cy.get('.color').then(function (colors) {\n      currentColors = Array.from(colors).map(function (color) {\n        return Cypress.$(color).css('background-color');\n      });\n      expect(currentColors).not.to.deep.equal(previousColors);\n      previousColors = currentColors;\n    });\n  }\n});",
              "err": {
                "message": "AssertionError: expected [ Array(4) ] to not deeply equal [ Array(4) ]",
                "estack": "AssertionError: expected [ Array(4) ] to not deeply equal [ Array(4) ]\n    at getRet (http://localhost:44097/__cypress/runner/cypress_runner.js:136585:16)\n    at tryCatcher (http://localhost:44097/__cypress/runner/cypress_runner.js:167415:23)\n    at Function.Promise.attempt.Promise.try (http://localhost:44097/__cypress/runner/cypress_runner.js:164690:29)\n    at Context.thenFn (http://localhost:44097/__cypress/runner/cypress_runner.js:136599:23)\n    at Context.then (http://localhost:44097/__cypress/runner/cypress_runner.js:136971:21)\n    at Context.<anonymous> (http://localhost:44097/__cypress/runner/cypress_runner.js:148875:21)\n    at http://localhost:44097/__cypress/runner/cypress_runner.js:148351:33\n    at tryCatcher (http://localhost:44097/__cypress/runner/cypress_runner.js:167415:23)\n    at Promise._settlePromiseFromHandler (http://localhost:44097/__cypress/runner/cypress_runner.js:165351:31)\n    at Promise._settlePromise (http://localhost:44097/__cypress/runner/cypress_runner.js:165408:18)\n    at Promise._settlePromiseCtx (http://localhost:44097/__cypress/runner/cypress_runner.js:165445:10)\n    at Async../node_modules/bluebird/js/release/async.js.Async._drainQueue (http://localhost:44097/__cypress/runner/cypress_runner.js:162145:12)\n    at Async../node_modules/bluebird/js/release/async.js.Async._drainQueues (http://localhost:44097/__cypress/runner/cypress_runner.js:162150:10)\n    at Async.drainQueues (http://localhost:44097/__cypress/runner/cypress_runner.js:162024:14)",
                "diff": ""
              },
              "uuid": "b8549e89-b802-40b3-a83f-414bd2076862",
              "parentUUID": "1ad716b7-627d-4dee-b0a2-21b630ff3815",
              "isHook": false,
              "skipped": false
            },
            {
              "title": "Verifica se a cor preta ainda está presente e é a primeira na sua paleta de cores",
              "fullTitle": "12 - Faça com que as cores da paleta sejam geradas aleatoriamente ao carregar a página. Verifica se a cor preta ainda está presente e é a primeira na sua paleta de cores",
              "timedOut": null,
              "duration": 892,
              "state": "failed",
              "speed": null,
              "pass": false,
              "fail": true,
              "pending": false,
              "context": null,
              "code": "cy.get('.color').then(function (colors) {\n  var currentColors;\n  var previousColors;\n  previousColors = Array.from(colors).map(function (color) {\n    return Cypress.$(color).css('background-color');\n  });\n  expect(previousColors[0]).to.eq(BLACK);\n  for (var i = 0; i < 5; i += 1) {\n    cy.reload();\n    cy.get('.color').then(function (colors) {\n      currentColors = Array.from(colors).map(function (color) {\n        return Cypress.$(color).css('background-color');\n      });\n      expect(currentColors[0]).to.eq(BLACK);\n      expect(currentColors).not.to.deep.equal(previousColors);\n      previousColors = currentColors;\n    });\n  }\n});",
              "err": {
                "message": "AssertionError: expected [ Array(4) ] to not deeply equal [ Array(4) ]",
                "estack": "AssertionError: expected [ Array(4) ] to not deeply equal [ Array(4) ]\n    at getRet (http://localhost:44097/__cypress/runner/cypress_runner.js:136585:16)\n    at tryCatcher (http://localhost:44097/__cypress/runner/cypress_runner.js:167415:23)\n    at Function.Promise.attempt.Promise.try (http://localhost:44097/__cypress/runner/cypress_runner.js:164690:29)\n    at Context.thenFn (http://localhost:44097/__cypress/runner/cypress_runner.js:136599:23)\n    at Context.then (http://localhost:44097/__cypress/runner/cypress_runner.js:136971:21)\n    at Context.<anonymous> (http://localhost:44097/__cypress/runner/cypress_runner.js:148875:21)\n    at http://localhost:44097/__cypress/runner/cypress_runner.js:148351:33\n    at tryCatcher (http://localhost:44097/__cypress/runner/cypress_runner.js:167415:23)\n    at Promise._settlePromiseFromHandler (http://localhost:44097/__cypress/runner/cypress_runner.js:165351:31)\n    at Promise._settlePromise (http://localhost:44097/__cypress/runner/cypress_runner.js:165408:18)\n    at Promise._settlePromiseCtx (http://localhost:44097/__cypress/runner/cypress_runner.js:165445:10)\n    at Async../node_modules/bluebird/js/release/async.js.Async._drainQueue (http://localhost:44097/__cypress/runner/cypress_runner.js:162145:12)\n    at Async../node_modules/bluebird/js/release/async.js.Async._drainQueues (http://localhost:44097/__cypress/runner/cypress_runner.js:162150:10)\n    at Async.drainQueues (http://localhost:44097/__cypress/runner/cypress_runner.js:162024:14)",
                "diff": ""
              },
              "uuid": "8144a4b7-9b97-465f-9c15-701ed2eed2e2",
              "parentUUID": "1ad716b7-627d-4dee-b0a2-21b630ff3815",
              "isHook": false,
              "skipped": false
            }
          ],
          "suites": [],
          "passes": [],
          "failures": [
            "b8549e89-b802-40b3-a83f-414bd2076862",
            "8144a4b7-9b97-465f-9c15-701ed2eed2e2"
          ],
          "pending": [],
          "skipped": [],
          "duration": 1772,
          "root": false,
          "rootEmpty": false,
          "_timeout": 2000
        }
      ],
      "passes": [],
      "failures": [],
      "pending": [],
      "skipped": [],
      "duration": 0,
      "root": true,
      "rootEmpty": true,
      "_timeout": 2000
    }
  ],
  "meta": {
    "mocha": {
      "version": "7.0.1"
    },
    "mochawesome": {
      "options": {
        "quiet": false,
        "reportFilename": "mochawesome",
        "saveHtml": false,
        "saveJson": true,
        "consoleReporter": "spec",
        "useInlineDiffs": false
      },
      "version": "4.1.0"
    },
    "marge": {
      "options": {
        "id": "default",
        "reportDir": "cypress/reports",
        "overwrite": true,
        "html": false,
        "json": true
      },
      "version": "4.1.0"
    }
  }
}